Using pre-set license
Built from '2020.3/staging' branch; Version is '2020.3.11f1 (99c7afb366b3) revision 10078127'; Using compiler version '192528614'; Build Type 'Release'
OS: 'Windows 10 Home; OS build 19043.1237; Version 2009; 64bit' Language: 'es' Physical Memory: 7116 MB
BatchMode: 1, IsHumanControllingUs: 0, StartBugReporterOnCrash: 0, Is64bit: 1, IsPro: 0

 COMMAND LINE ARGUMENTS:
E:\Unity\2020.3.11f1\Editor\Unity.exe
-adb2
-batchMode
-noUpm
-name
AssetImportWorker0
-projectPath
C:/Users/lipsh/Videos/Algebra/Clase 15092021/Delta Time
-logFile
Logs/AssetImportWorker0.log
-srvPort
52184
Successfully changed project path to: C:/Users/lipsh/Videos/Algebra/Clase 15092021/Delta Time
C:/Users/lipsh/Videos/Algebra/Clase 15092021/Delta Time
Using Asset Import Pipeline V2.
Refreshing native plugins compatible for Editor in 81.02 ms, found 2 plugins.
Preloading 0 native plugins for Editor in 0.00 ms.
Initialize engine version: 2020.3.11f1 (99c7afb366b3)
[Subsystems] Discovering subsystems at path E:/Unity/2020.3.11f1/Editor/Data/Resources/UnitySubsystems
[Subsystems] Discovering subsystems at path C:/Users/lipsh/Videos/Algebra/Clase 15092021/Delta Time/Assets
GfxDevice: creating device client; threaded=0
Direct3D:
    Version:  Direct3D 11.0 [level 11.1]
    Renderer: NVIDIA GeForce GTX 1050 (ID=0x1c8d)
    Vendor:   
    VRAM:     4021 MB
    Driver:   30.0.14.7196
Initialize mono
Mono path[0] = 'E:/Unity/2020.3.11f1/Editor/Data/Managed'
Mono path[1] = 'E:/Unity/2020.3.11f1/Editor/Data/MonoBleedingEdge/lib/mono/unityjit'
Mono config path = 'E:/Unity/2020.3.11f1/Editor/Data/MonoBleedingEdge/etc'
Using monoOptions --debugger-agent=transport=dt_socket,embedding=1,server=y,suspend=n,address=127.0.0.1:56156
Begin MonoManager ReloadAssembly
Registering precompiled unity dll's ...
Register platform support module: E:/Unity/2020.3.11f1/Editor/Data/PlaybackEngines/WebGLSupport/UnityEditor.WebGL.Extensions.dll
Register platform support module: E:/Unity/2020.3.11f1/Editor/Data/PlaybackEngines/WindowsStandaloneSupport/UnityEditor.WindowsStandalone.Extensions.dll
Registered in 0.005408 seconds.
Native extension for WindowsStandalone target not found
Native extension for WebGL target not found
Refreshing native plugins compatible for Editor in 72.94 ms, found 2 plugins.
Preloading 0 native plugins for Editor in 0.00 ms.
Mono: successfully reloaded assembly
- Completed reload, in  5.969 seconds
Platform modules already initialized, skipping
Registering precompiled user dll's ...
Registered in 0.016028 seconds.
Begin MonoManager ReloadAssembly
Native extension for WindowsStandalone target not found
Native extension for WebGL target not found
Refreshing native plugins compatible for Editor in 0.82 ms, found 2 plugins.
Preloading 0 native plugins for Editor in 0.00 ms.
Mono: successfully reloaded assembly
- Completed reload, in  2.542 seconds
Platform modules already initialized, skipping
========================================================================
Worker process is ready to serve import requests
Launched and connected shader compiler UnityShaderCompiler.exe after 0.16 seconds
Refreshing native plugins compatible for Editor in 0.68 ms, found 2 plugins.
Preloading 0 native plugins for Editor in 0.00 ms.
Unloading 1386 Unused Serialized files (Serialized files now loaded: 0)
System memory in use before: 64.7 MB.
System memory in use after: 64.7 MB.

Unloading 19 unused Assets to reduce memory usage. Loaded Objects now: 1819.
Total: 4.954400 ms (FindLiveObjects: 0.329000 ms CreateObjectMapping: 0.165500 ms MarkObjects: 4.256200 ms  DeleteObjects: 0.201000 ms)

========================================================================
Received Import Request.
  path: Assets/Scenes
  artifactKey: Guid(ec12e8fc2bf938f43b0df7bca41971c6) Importer(815301076,1909f56bfc062723c751e8b465ee728b)
Start importing Assets/Scenes using Guid(ec12e8fc2bf938f43b0df7bca41971c6) Importer(815301076,1909f56bfc062723c751e8b465ee728b)  -> (artifact id: '83871ffb2a448dd4ade568f614f97462') in 0.022816 seconds
  Import took 0.031303 seconds .

========================================================================
Received Import Request.
  Time since last request: 56.267584 seconds.
  path: Assets/Scenes/SampleScene.unity
  artifactKey: Guid(9fc0d4010bbf28b4594072e72b8655ab) Importer(815301076,1909f56bfc062723c751e8b465ee728b)
Start importing Assets/Scenes/SampleScene.unity using Guid(9fc0d4010bbf28b4594072e72b8655ab) Importer(815301076,1909f56bfc062723c751e8b465ee728b)  -> (artifact id: '85059f4f9e1a832ed95adaa0d25c5c4c') in 0.033536 seconds
  Import took 0.039671 seconds .

========================================================================
Received Import Request.
  Time since last request: 26.707432 seconds.
  path: Assets
  artifactKey: Guid(00000000000000001000000000000000) Importer(815301076,1909f56bfc062723c751e8b465ee728b)
Start importing Assets using Guid(00000000000000001000000000000000) Importer(815301076,1909f56bfc062723c751e8b465ee728b)  -> (artifact id: '42d402b061de3733987d63b9cc3b64de') in 0.009856 seconds
  Import took 0.016109 seconds .

========================================================================
Received Import Request.
  Time since last request: 0.013330 seconds.
  path: Assets
  artifactKey: Guid(00000000000000001000000000000000) Importer(815301076,1909f56bfc062723c751e8b465ee728b)
Start importing Assets using Guid(00000000000000001000000000000000) Importer(815301076,1909f56bfc062723c751e8b465ee728b)  -> (artifact id: '42d402b061de3733987d63b9cc3b64de') in 0.008221 seconds
  Import took 0.013799 seconds .

========================================================================
Received Import Request.
  Time since last request: 26.253088 seconds.
  path: Assets/Scripts
  artifactKey: Guid(6d3c6818ff4aab94dac1430adc9f1463) Importer(815301076,1909f56bfc062723c751e8b465ee728b)
Start importing Assets/Scripts using Guid(6d3c6818ff4aab94dac1430adc9f1463) Importer(815301076,1909f56bfc062723c751e8b465ee728b)  -> (artifact id: '418a4277583ee54ee03f753a0233053a') in 0.010724 seconds
  Import took 0.016731 seconds .

========================================================================
Received Import Request.
  Time since last request: 28.507028 seconds.
  path: Assets/Scripts/Scirpt Cubito.cs
  artifactKey: Guid(951e5d00c0b6a214fad75363d96239f4) Importer(815301076,1909f56bfc062723c751e8b465ee728b)
Start importing Assets/Scripts/Scirpt Cubito.cs using Guid(951e5d00c0b6a214fad75363d96239f4) Importer(815301076,1909f56bfc062723c751e8b465ee728b)  -> (artifact id: '79f9d3cb88e67df5170b2dbcd6af52ee') in 0.080570 seconds
  Import took 0.086805 seconds .

========================================================================
Received Import Request.
  Time since last request: 0.001345 seconds.
  path: Assets/Scripts/Scirpt Cubito.cs
  artifactKey: Guid(951e5d00c0b6a214fad75363d96239f4) Importer(815301076,1909f56bfc062723c751e8b465ee728b)
Start importing Assets/Scripts/Scirpt Cubito.cs using Guid(951e5d00c0b6a214fad75363d96239f4) Importer(815301076,1909f56bfc062723c751e8b465ee728b)  -> (artifact id: '79f9d3cb88e67df5170b2dbcd6af52ee') in 0.009484 seconds
  Import took 0.015647 seconds .

========================================================================
Received Prepare
Registering precompiled user dll's ...
Registered in 0.014728 seconds.
Begin MonoManager ReloadAssembly
Native extension for WindowsStandalone target not found
Native extension for WebGL target not found
Refreshing native plugins compatible for Editor in 0.73 ms, found 2 plugins.
Preloading 0 native plugins for Editor in 0.00 ms.
Mono: successfully reloaded assembly
- Completed reload, in  2.396 seconds
Platform modules already initialized, skipping
Refreshing native plugins compatible for Editor in 0.71 ms, found 2 plugins.
Preloading 0 native plugins for Editor in 0.00 ms.
Unloading 1382 Unused Serialized files (Serialized files now loaded: 0)
System memory in use before: 64.6 MB.
System memory in use after: 64.7 MB.

Unloading 14 unused Assets to reduce memory usage. Loaded Objects now: 1823.
Total: 5.312000 ms (FindLiveObjects: 0.404100 ms CreateObjectMapping: 0.069500 ms MarkObjects: 4.639400 ms  DeleteObjects: 0.195500 ms)

========================================================================
Received Import Request.
  Time since last request: 309.307614 seconds.
  path: Assets/Scripts/Script Cubito.cs
  artifactKey: Guid(951e5d00c0b6a214fad75363d96239f4) Importer(815301076,1909f56bfc062723c751e8b465ee728b)
Start importing Assets/Scripts/Script Cubito.cs using Guid(951e5d00c0b6a214fad75363d96239f4) Importer(815301076,1909f56bfc062723c751e8b465ee728b)  -> (artifact id: '19088aa5b063bbe4a414985a8165adde') in 0.021312 seconds
  Import took 0.028672 seconds .

========================================================================
Received Prepare
Registering precompiled user dll's ...
Registered in 0.024252 seconds.
Begin MonoManager ReloadAssembly
Native extension for WindowsStandalone target not found
Native extension for WebGL target not found
Refreshing native plugins compatible for Editor in 0.72 ms, found 2 plugins.
Preloading 0 native plugins for Editor in 0.00 ms.
Mono: successfully reloaded assembly
- Completed reload, in  2.410 seconds
Platform modules already initialized, skipping
Refreshing native plugins compatible for Editor in 0.91 ms, found 2 plugins.
Preloading 0 native plugins for Editor in 0.00 ms.
Unloading 1382 Unused Serialized files (Serialized files now loaded: 0)
System memory in use before: 64.7 MB.
System memory in use after: 64.7 MB.

Unloading 14 unused Assets to reduce memory usage. Loaded Objects now: 1826.
Total: 5.110900 ms (FindLiveObjects: 0.402400 ms CreateObjectMapping: 0.075900 ms MarkObjects: 4.474400 ms  DeleteObjects: 0.154500 ms)

========================================================================
Received Prepare
Registering precompiled user dll's ...
Registered in 0.022004 seconds.
Begin MonoManager ReloadAssembly
Native extension for WindowsStandalone target not found
Native extension for WebGL target not found
Refreshing native plugins compatible for Editor in 0.76 ms, found 2 plugins.
Preloading 0 native plugins for Editor in 0.00 ms.
Mono: successfully reloaded assembly
- Completed reload, in  2.289 seconds
Platform modules already initialized, skipping
Refreshing native plugins compatible for Editor in 0.88 ms, found 2 plugins.
Preloading 0 native plugins for Editor in 0.00 ms.
Unloading 1382 Unused Serialized files (Serialized files now loaded: 0)
System memory in use before: 64.7 MB.
System memory in use after: 64.8 MB.

Unloading 14 unused Assets to reduce memory usage. Loaded Objects now: 1829.
Total: 4.565600 ms (FindLiveObjects: 0.331400 ms CreateObjectMapping: 0.075700 ms MarkObjects: 4.025200 ms  DeleteObjects: 0.130700 ms)

========================================================================
Received Import Request.
  Time since last request: 1169.571284 seconds.
  path: Assets/Scripts/Script Cubito.cs
  artifactKey: Guid(951e5d00c0b6a214fad75363d96239f4) Importer(815301076,1909f56bfc062723c751e8b465ee728b)
Start importing Assets/Scripts/Script Cubito.cs using Guid(951e5d00c0b6a214fad75363d96239f4) Importer(815301076,1909f56bfc062723c751e8b465ee728b)  -> (artifact id: '91d245637101097b4c1f79b071e09393') in 0.014598 seconds
  Import took 0.020823 seconds .

========================================================================
Received Prepare
Registering precompiled user dll's ...
Registered in 0.016543 seconds.
Begin MonoManager ReloadAssembly
Native extension for WindowsStandalone target not found
Native extension for WebGL target not found
Refreshing native plugins compatible for Editor in 0.71 ms, found 2 plugins.
Preloading 0 native plugins for Editor in 0.00 ms.
Mono: successfully reloaded assembly
- Completed reload, in  2.318 seconds
Platform modules already initialized, skipping
Refreshing native plugins compatible for Editor in 0.83 ms, found 2 plugins.
Preloading 0 native plugins for Editor in 0.00 ms.
Unloading 1382 Unused Serialized files (Serialized files now loaded: 0)
System memory in use before: 64.7 MB.
System memory in use after: 64.8 MB.

Unloading 14 unused Assets to reduce memory usage. Loaded Objects now: 1832.
Total: 4.410700 ms (FindLiveObjects: 0.369800 ms CreateObjectMapping: 0.055600 ms MarkObjects: 3.849900 ms  DeleteObjects: 0.132400 ms)

========================================================================
Received Import Request.
  Time since last request: 127.627253 seconds.
  path: Assets/Scripts/CubitoScript.cs
  artifactKey: Guid(15f992c4513e5db43bb705e1e4ef9f30) Importer(815301076,1909f56bfc062723c751e8b465ee728b)
Start importing Assets/Scripts/CubitoScript.cs using Guid(15f992c4513e5db43bb705e1e4ef9f30) Importer(815301076,1909f56bfc062723c751e8b465ee728b)  -> (artifact id: 'ea3ac143fe644568c336b1a214a30aea') in 0.017049 seconds
  Import took 0.023269 seconds .

========================================================================
Received Prepare
Registering precompiled user dll's ...
Registered in 0.018392 seconds.
Begin MonoManager ReloadAssembly
Native extension for WindowsStandalone target not found
Native extension for WebGL target not found
Refreshing native plugins compatible for Editor in 0.86 ms, found 2 plugins.
Preloading 0 native plugins for Editor in 0.00 ms.
Mono: successfully reloaded assembly
- Completed reload, in  2.368 seconds
Platform modules already initialized, skipping
Refreshing native plugins compatible for Editor in 0.75 ms, found 2 plugins.
Preloading 0 native plugins for Editor in 0.00 ms.
Unloading 1383 Unused Serialized files (Serialized files now loaded: 0)
System memory in use before: 64.7 MB.
System memory in use after: 64.8 MB.

Unloading 14 unused Assets to reduce memory usage. Loaded Objects now: 1836.
Total: 4.368300 ms (FindLiveObjects: 0.405300 ms CreateObjectMapping: 0.057700 ms MarkObjects: 3.755800 ms  DeleteObjects: 0.146500 ms)

========================================================================
Received Prepare
Registering precompiled user dll's ...
Registered in 0.040440 seconds.
Begin MonoManager ReloadAssembly
Native extension for WindowsStandalone target not found
Native extension for WebGL target not found
Refreshing native plugins compatible for Editor in 0.80 ms, found 2 plugins.
Preloading 0 native plugins for Editor in 0.00 ms.
Mono: successfully reloaded assembly
- Completed reload, in  2.438 seconds
Platform modules already initialized, skipping
Refreshing native plugins compatible for Editor in 0.76 ms, found 2 plugins.
Preloading 0 native plugins for Editor in 0.00 ms.
Unloading 1383 Unused Serialized files (Serialized files now loaded: 0)
System memory in use before: 64.7 MB.
System memory in use after: 64.8 MB.

Unloading 14 unused Assets to reduce memory usage. Loaded Objects now: 1839.
Total: 4.668800 ms (FindLiveObjects: 0.339800 ms CreateObjectMapping: 0.074900 ms MarkObjects: 4.110400 ms  DeleteObjects: 0.140900 ms)

========================================================================
Received Import Request.
  Time since last request: 105.665468 seconds.
  path: Assets/Scripts/CubitoScript.cs
  artifactKey: Guid(15f992c4513e5db43bb705e1e4ef9f30) Importer(815301076,1909f56bfc062723c751e8b465ee728b)
Start importing Assets/Scripts/CubitoScript.cs using Guid(15f992c4513e5db43bb705e1e4ef9f30) Importer(815301076,1909f56bfc062723c751e8b465ee728b)  -> (artifact id: '50afb9be88f400d2e873c5ac22730135') in 0.015144 seconds
  Import took 0.021301 seconds .

========================================================================
Received Import Request.
  Time since last request: 10.428075 seconds.
  path: Assets/Scripts/Script Cubito.cs
  artifactKey: Guid(951e5d00c0b6a214fad75363d96239f4) Importer(815301076,1909f56bfc062723c751e8b465ee728b)
Start importing Assets/Scripts/Script Cubito.cs using Guid(951e5d00c0b6a214fad75363d96239f4) Importer(815301076,1909f56bfc062723c751e8b465ee728b)  -> (artifact id: '0e26e5bb0325a25b0386a9c83ab04406') in 0.011149 seconds
  Import took 0.022190 seconds .

========================================================================
Received Prepare
Registering precompiled user dll's ...
Registered in 0.014360 seconds.
Begin MonoManager ReloadAssembly
Native extension for WindowsStandalone target not found
Native extension for WebGL target not found
Refreshing native plugins compatible for Editor in 0.95 ms, found 2 plugins.
Preloading 0 native plugins for Editor in 0.00 ms.
Mono: successfully reloaded assembly
- Completed reload, in  2.455 seconds
Platform modules already initialized, skipping
Refreshing native plugins compatible for Editor in 0.99 ms, found 2 plugins.
Preloading 0 native plugins for Editor in 0.00 ms.
Unloading 1382 Unused Serialized files (Serialized files now loaded: 0)
System memory in use before: 64.7 MB.
System memory in use after: 64.8 MB.

Unloading 15 unused Assets to reduce memory usage. Loaded Objects now: 1841.
Total: 7.165600 ms (FindLiveObjects: 0.399600 ms CreateObjectMapping: 0.060800 ms MarkObjects: 6.532100 ms  DeleteObjects: 0.169400 ms)

========================================================================
Received Prepare
Registering precompiled user dll's ...
Registered in 0.014249 seconds.
Begin MonoManager ReloadAssembly
Native extension for WindowsStandalone target not found
Native extension for WebGL target not found
Refreshing native plugins compatible for Editor in 1.27 ms, found 2 plugins.
Preloading 0 native plugins for Editor in 0.00 ms.
Mono: successfully reloaded assembly
- Completed reload, in  2.387 seconds
Platform modules already initialized, skipping
Refreshing native plugins compatible for Editor in 0.94 ms, found 2 plugins.
Preloading 0 native plugins for Editor in 0.00 ms.
Unloading 1382 Unused Serialized files (Serialized files now loaded: 0)
System memory in use before: 64.7 MB.
System memory in use after: 64.8 MB.

Unloading 14 unused Assets to reduce memory usage. Loaded Objects now: 1844.
Total: 4.999900 ms (FindLiveObjects: 0.468600 ms CreateObjectMapping: 0.082400 ms MarkObjects: 4.295100 ms  DeleteObjects: 0.151000 ms)

========================================================================
Received Prepare
Registering precompiled user dll's ...
Registered in 0.012508 seconds.
Begin MonoManager ReloadAssembly
Native extension for WindowsStandalone target not found
Native extension for WebGL target not found
Refreshing native plugins compatible for Editor in 0.74 ms, found 2 plugins.
Preloading 0 native plugins for Editor in 0.00 ms.
Mono: successfully reloaded assembly
- Completed reload, in  2.382 seconds
Platform modules already initialized, skipping
Refreshing native plugins compatible for Editor in 0.75 ms, found 2 plugins.
Preloading 0 native plugins for Editor in 0.00 ms.
Unloading 1382 Unused Serialized files (Serialized files now loaded: 0)
System memory in use before: 64.7 MB.
System memory in use after: 64.8 MB.

Unloading 14 unused Assets to reduce memory usage. Loaded Objects now: 1847.
Total: 7.114700 ms (FindLiveObjects: 0.384400 ms CreateObjectMapping: 0.055000 ms MarkObjects: 6.490600 ms  DeleteObjects: 0.175800 ms)

========================================================================
Received Prepare
Registering precompiled user dll's ...
Registered in 0.013079 seconds.
Begin MonoManager ReloadAssembly
Native extension for WindowsStandalone target not found
Native extension for WebGL target not found
Refreshing native plugins compatible for Editor in 0.74 ms, found 2 plugins.
Preloading 0 native plugins for Editor in 0.00 ms.
Mono: successfully reloaded assembly
- Completed reload, in  2.469 seconds
Platform modules already initialized, skipping
Refreshing native plugins compatible for Editor in 0.77 ms, found 2 plugins.
Preloading 0 native plugins for Editor in 0.00 ms.
Unloading 1382 Unused Serialized files (Serialized files now loaded: 0)
System memory in use before: 64.7 MB.
System memory in use after: 64.8 MB.

Unloading 14 unused Assets to reduce memory usage. Loaded Objects now: 1850.
Total: 4.541100 ms (FindLiveObjects: 0.331900 ms CreateObjectMapping: 0.074900 ms MarkObjects: 4.002700 ms  DeleteObjects: 0.128500 ms)

========================================================================
Received Prepare
Registering precompiled user dll's ...
Registered in 0.021251 seconds.
Begin MonoManager ReloadAssembly
Native extension for WindowsStandalone target not found
Native extension for WebGL target not found
Refreshing native plugins compatible for Editor in 0.86 ms, found 2 plugins.
Preloading 0 native plugins for Editor in 0.00 ms.
Mono: successfully reloaded assembly
- Completed reload, in  2.566 seconds
Platform modules already initialized, skipping
Refreshing native plugins compatible for Editor in 0.81 ms, found 2 plugins.
Preloading 0 native plugins for Editor in 0.00 ms.
Unloading 1382 Unused Serialized files (Serialized files now loaded: 0)
System memory in use before: 64.7 MB.
System memory in use after: 64.8 MB.

Unloading 14 unused Assets to reduce memory usage. Loaded Objects now: 1853.
Total: 5.114700 ms (FindLiveObjects: 0.400000 ms CreateObjectMapping: 0.060200 ms MarkObjects: 4.450800 ms  DeleteObjects: 0.200000 ms)

========================================================================
Received Prepare
Registering precompiled user dll's ...
Registered in 0.013600 seconds.
Begin MonoManager ReloadAssembly
Native extension for WindowsStandalone target not found
Native extension for WebGL target not found
Refreshing native plugins compatible for Editor in 0.86 ms, found 2 plugins.
Preloading 0 native plugins for Editor in 0.00 ms.
Mono: successfully reloaded assembly
- Completed reload, in  2.287 seconds
Platform modules already initialized, skipping
Refreshing native plugins compatible for Editor in 0.82 ms, found 2 plugins.
Preloading 0 native plugins for Editor in 0.00 ms.
Unloading 1382 Unused Serialized files (Serialized files now loaded: 0)
System memory in use before: 64.7 MB.
System memory in use after: 64.8 MB.

Unloading 14 unused Assets to reduce memory usage. Loaded Objects now: 1856.
Total: 5.562200 ms (FindLiveObjects: 0.451100 ms CreateObjectMapping: 0.061700 ms MarkObjects: 4.880200 ms  DeleteObjects: 0.164400 ms)

========================================================================
Received Prepare
Registering precompiled user dll's ...
Registered in 0.016896 seconds.
Begin MonoManager ReloadAssembly
Native extension for WindowsStandalone target not found
Native extension for WebGL target not found
Refreshing native plugins compatible for Editor in 0.72 ms, found 2 plugins.
Preloading 0 native plugins for Editor in 0.00 ms.
Mono: successfully reloaded assembly
- Completed reload, in  2.540 seconds
Platform modules already initialized, skipping
Refreshing native plugins compatible for Editor in 0.71 ms, found 2 plugins.
Preloading 0 native plugins for Editor in 0.00 ms.
Unloading 1382 Unused Serialized files (Serialized files now loaded: 0)
System memory in use before: 64.8 MB.
System memory in use after: 64.8 MB.

Unloading 14 unused Assets to reduce memory usage. Loaded Objects now: 1859.
Total: 4.856700 ms (FindLiveObjects: 0.500600 ms CreateObjectMapping: 0.059800 ms MarkObjects: 4.148600 ms  DeleteObjects: 0.143300 ms)

========================================================================
Received Prepare
Registering precompiled user dll's ...
Registered in 0.019848 seconds.
Begin MonoManager ReloadAssembly
Native extension for WindowsStandalone target not found
Native extension for WebGL target not found
Refreshing native plugins compatible for Editor in 0.79 ms, found 2 plugins.
Preloading 0 native plugins for Editor in 0.00 ms.
Mono: successfully reloaded assembly
- Completed reload, in  2.328 seconds
Platform modules already initialized, skipping
Refreshing native plugins compatible for Editor in 1.35 ms, found 2 plugins.
Preloading 0 native plugins for Editor in 0.00 ms.
Unloading 1382 Unused Serialized files (Serialized files now loaded: 0)
System memory in use before: 64.8 MB.
System memory in use after: 64.8 MB.

Unloading 14 unused Assets to reduce memory usage. Loaded Objects now: 1862.
Total: 6.581400 ms (FindLiveObjects: 0.484600 ms CreateObjectMapping: 0.071700 ms MarkObjects: 5.836900 ms  DeleteObjects: 0.184400 ms)

========================================================================
Received Prepare
Registering precompiled user dll's ...
Registered in 0.015295 seconds.
Begin MonoManager ReloadAssembly
Native extension for WindowsStandalone target not found
Native extension for WebGL target not found
Refreshing native plugins compatible for Editor in 0.78 ms, found 2 plugins.
Preloading 0 native plugins for Editor in 0.00 ms.
Mono: successfully reloaded assembly
- Completed reload, in  2.516 seconds
Platform modules already initialized, skipping
Refreshing native plugins compatible for Editor in 1.02 ms, found 2 plugins.
Preloading 0 native plugins for Editor in 0.00 ms.
Unloading 1382 Unused Serialized files (Serialized files now loaded: 0)
System memory in use before: 64.8 MB.
System memory in use after: 64.8 MB.

Unloading 14 unused Assets to reduce memory usage. Loaded Objects now: 1865.
Total: 4.851900 ms (FindLiveObjects: 0.328300 ms CreateObjectMapping: 0.075800 ms MarkObjects: 4.276300 ms  DeleteObjects: 0.168200 ms)

========================================================================
Received Prepare
Registering precompiled user dll's ...
Registered in 0.017051 seconds.
Begin MonoManager ReloadAssembly
Native extension for WindowsStandalone target not found
Native extension for WebGL target not found
Refreshing native plugins compatible for Editor in 0.81 ms, found 2 plugins.
Preloading 0 native plugins for Editor in 0.00 ms.
Mono: successfully reloaded assembly
- Completed reload, in  2.499 seconds
Platform modules already initialized, skipping
Refreshing native plugins compatible for Editor in 0.88 ms, found 2 plugins.
Preloading 0 native plugins for Editor in 0.00 ms.
Unloading 1382 Unused Serialized files (Serialized files now loaded: 0)
System memory in use before: 64.8 MB.
System memory in use after: 64.8 MB.

Unloading 14 unused Assets to reduce memory usage. Loaded Objects now: 1868.
Total: 5.490300 ms (FindLiveObjects: 0.396400 ms CreateObjectMapping: 0.075300 ms MarkObjects: 4.857600 ms  DeleteObjects: 0.158000 ms)

========================================================================
Received Import Request.
  Time since last request: 1560.311578 seconds.
  path: Assets/Texturas
  artifactKey: Guid(9a9397f513a3a3840a34b8a8907dcba1) Importer(815301076,1909f56bfc062723c751e8b465ee728b)
Start importing Assets/Texturas using Guid(9a9397f513a3a3840a34b8a8907dcba1) Importer(815301076,1909f56bfc062723c751e8b465ee728b)  -> (artifact id: 'ad52831050d9fb64dff07a2c6b14301c') in 0.018875 seconds
  Import took 0.026357 seconds .

========================================================================
Received Import Request.
  Time since last request: 0.006429 seconds.
  path: Assets/Texturas
  artifactKey: Guid(9a9397f513a3a3840a34b8a8907dcba1) Importer(815301076,1909f56bfc062723c751e8b465ee728b)
Start importing Assets/Texturas using Guid(9a9397f513a3a3840a34b8a8907dcba1) Importer(815301076,1909f56bfc062723c751e8b465ee728b)  -> (artifact id: 'ad52831050d9fb64dff07a2c6b14301c') in 0.010566 seconds
  Import took 0.015830 seconds .

========================================================================
Received Import Request.
  Time since last request: 16.986678 seconds.
  path: Assets/Texturas/textura cubito.jpg
  artifactKey: Guid(c3bcafc1125b32c4dbbd553d7438d2ef) Importer(815301076,1909f56bfc062723c751e8b465ee728b)
Start importing Assets/Texturas/textura cubito.jpg using Guid(c3bcafc1125b32c4dbbd553d7438d2ef) Importer(815301076,1909f56bfc062723c751e8b465ee728b)  -> (artifact id: '1f830c0a204d4d13f6dd9abe5b0dba43') in 0.173127 seconds
  Import took 0.179003 seconds .

========================================================================
Received Import Request.
  Time since last request: 73.619736 seconds.
  path: Assets/Texturas/textura cubito.jpg
  artifactKey: Guid(c3bcafc1125b32c4dbbd553d7438d2ef) Importer(815301076,1909f56bfc062723c751e8b465ee728b)
Start importing Assets/Texturas/textura cubito.jpg using Guid(c3bcafc1125b32c4dbbd553d7438d2ef) Importer(815301076,1909f56bfc062723c751e8b465ee728b)  -> (artifact id: '1b84718c315fcf4f7dc434b854e360e6') in 0.217013 seconds
  Import took 0.225509 seconds .

========================================================================
Received Import Request.
  Time since last request: 131.030144 seconds.
  path: Assets/Sound
  artifactKey: Guid(460f630d5dabb5044809eb79f82807f6) Importer(815301076,1909f56bfc062723c751e8b465ee728b)
Start importing Assets/Sound using Guid(460f630d5dabb5044809eb79f82807f6) Importer(815301076,1909f56bfc062723c751e8b465ee728b)  -> (artifact id: '2011c63a9aa5051f3e509e7c60b073c5') in 0.018417 seconds
  Import took 0.027549 seconds .

========================================================================
Received Import Request.
  Time since last request: 0.001429 seconds.
  path: Assets/Sound
  artifactKey: Guid(460f630d5dabb5044809eb79f82807f6) Importer(815301076,1909f56bfc062723c751e8b465ee728b)
Start importing Assets/Sound using Guid(460f630d5dabb5044809eb79f82807f6) Importer(815301076,1909f56bfc062723c751e8b465ee728b)  -> (artifact id: '2011c63a9aa5051f3e509e7c60b073c5') in 0.010121 seconds
  Import took 0.016830 seconds .

========================================================================
Received Import Request.
  Time since last request: 26.629021 seconds.
  path: Assets/Sound/Only the Braves - FiftySounds.mp3
  artifactKey: Guid(2bb217d16c635e24dbbcd1da4faa3f0b) Importer(815301076,1909f56bfc062723c751e8b465ee728b)
Start importing Assets/Sound/Only the Braves - FiftySounds.mp3 using Guid(2bb217d16c635e24dbbcd1da4faa3f0b) Importer(815301076,1909f56bfc062723c751e8b465ee728b)  -> (artifact id: '4239d129b5652eaaef80e5b38a5452a7') in 0.182308 seconds
  Import took 0.188952 seconds .

AssetImportWorkerClient::OnTransportError - code=2 error=End of file
